<?xml version="1.0" encoding="UTF-8"?>
<testng-results skipped="0" failed="0" total="1" passed="1">
  <reporter-output>
  </reporter-output>
  <suite name="Default suite" duration-ms="3155" started-at="2019-07-18T08:59:41Z" finished-at="2019-07-18T08:59:44Z">
    <groups>
    </groups>
    <test name="Default test" duration-ms="3155" started-at="2019-07-18T08:59:41Z" finished-at="2019-07-18T08:59:44Z">
      <class name="com.model.Assignment8">
        <test-method status="PASS" signature="beforeSuite()[pri:0, instance:com.model.Assignment8@21a06946]" name="beforeSuite" is-config="true" duration-ms="17105" started-at="2019-07-18T14:29:24Z" finished-at="2019-07-18T14:29:41Z">
          <reporter-output>
          </reporter-output>
        </test-method> <!-- beforeSuite -->
        <test-method status="PASS" signature="test1()[pri:0, instance:com.model.Assignment8@21a06946]" name="test1" duration-ms="3142" started-at="2019-07-18T14:29:41Z" finished-at="2019-07-18T14:29:44Z">
          <reporter-output>
          </reporter-output>
        </test-method> <!-- test1 -->
      </class> <!-- com.model.Assignment8 -->
    </test> <!-- Default test -->
  </suite> <!-- Default suite -->
</testng-results>
